---------------------------------
Velocity bins:  28
Direction bins:  5
Gait categories:  6
---------------------------------
Number of states:  140
Number of actions:  6
Transition probabilities shape:  (140, 6, 140)
Rewards shape:  (140, 6)
Feature matrix shape:  (140, 33)
Transition probabilities shape:  (140, 6, 140)
---------------------------------
Starting IRL:
Epoch 10/150 - Time elapsed: 5529.09s
Epoch 20/150 - Time elapsed: 11089.39s
Epoch 30/150 - Time elapsed: 16465.78s
Epoch 40/150 - Time elapsed: 21671.14s
Epoch 50/150 - Time elapsed: 26882.95s
Epoch 60/150 - Time elapsed: 32109.93s
Epoch 70/150 - Time elapsed: 37322.02s
Epoch 80/150 - Time elapsed: 42536.27s
Epoch 90/150 - Time elapsed: 47722.72s
Epoch 100/150 - Time elapsed: 52881.51s
Epoch 110/150 - Time elapsed: 58000.36s
Epoch 120/150 - Time elapsed: 63101.87s
Epoch 130/150 - Time elapsed: 68174.67s
Epoch 140/150 - Time elapsed: 73475.44s
Epoch 150/150 - Time elapsed: 78878.84s
Inferred Rewards: (140,)
[   72.52559332     0.             0.           466.62775113
     0.            72.52559332   245.79833969 -1077.82288811
   466.62775113   296.97026652    72.52559332   245.79833969
 -1077.82288811   466.62775113   296.97026652    72.52559332
   245.79833969 -1077.82288811   466.62775113   296.97026652
    72.52559332   245.79833969 -1077.82288811   466.62775113
   296.97026652    72.52559332   245.79833969 -1077.82288811
   466.62775113   296.97026652    72.52559332   245.79833969
 -1077.82288811   466.62775113   296.97026652    72.52559332
   245.79833969 -1077.82288811   466.62775113   296.97026652
    72.52559332   245.79833969 -1077.82288811   466.62775113
   296.97026652    72.52559332   245.79833969 -1077.82288811
   466.62775113   296.97026652    72.52559332     0.
 -1077.82288811   466.62775113   296.97026652     0.
   245.79833969 -1077.82288811   466.62775113   296.97026652
     0.           245.79833969 -1077.82288811   466.62775113
   296.97026652     0.           245.79833969 -1077.82288811
   466.62775113   296.97026652     0.           245.79833969
 -1077.82288811   466.62775113   296.97026652     0.
     0.         -1077.82288811   466.62775113   296.97026652
     0.             0.         -1077.82288811   466.62775113
   296.97026652     0.             0.         -1077.82288811
   466.62775113   296.97026652     0.             0.
 -1077.82288811   466.62775113   296.97026652     0.
     0.         -1077.82288811   466.62775113   296.97026652
     0.             0.             0.           466.62775113
     0.             0.             0.         -1077.82288811
   466.62775113   296.97026652     0.             0.
 -1077.82288811   466.62775113   296.97026652     0.
     0.         -1077.82288811   466.62775113     0.
     0.             0.         -1077.82288811   466.62775113
     0.             0.             0.         -1077.82288811
   466.62775113     0.             0.             0.
 -1077.82288811   466.62775113     0.             0.
     0.         -1077.82288811   466.62775113     0.        ]
