nohup: ignoring input
/home/yuchen/insect_walking_irl/maxent.py:142: RuntimeWarning: More than 20 figures have been opened. Figures created through the pyplot interface (`matplotlib.pyplot.figure`) are retained until explicitly closed and may consume too much memory. (To control this warning, see the rcParam `figure.max_open_warning`). Consider using `matplotlib.pyplot.close()`.
  plt.figure(figsize=(10, 8))
---------------------------------
Velocity bins:  28
Acceleration bins:  21
Gait categories:  6
---------------------------------
Number of states:  588
Number of actions:  6
Transition probabilities shape:  (588, 6, 588)
Rewards shape:  (588,)
Feature matrix shape:  (588, 49)
Transition probabilities shape:  (588, 6, 588)
---------------------------------
Starting IRL:
Epoch 10/100 - Time elapsed: 91437.82s
Epoch 20/100 - Time elapsed: 185534.92s
Epoch 30/100 - Time elapsed: 276096.12s
Epoch 40/100 - Time elapsed: 365693.45s
Epoch 50/100 - Time elapsed: 455770.30s
Epoch 60/100 - Time elapsed: 545658.13s
Epoch 70/100 - Time elapsed: 636008.30s
Epoch 80/100 - Time elapsed: 728442.19s
Epoch 90/100 - Time elapsed: 821961.23s
Epoch 100/100 - Time elapsed: 915273.47s
Inferred Rewards: (588,)
